<?xml version="1.0" encoding="UTF-8"?>
<testsuite name="XORIntegrationTest" tests="4" skipped="0" failures="0" errors="0" timestamp="2020-12-13T16:34:04" hostname="DESKTOP-V7B2782" time="0.208">
  <properties/>
  <testcase name="rightTest" classname="XORIntegrationTest" time="0.205"/>
  <testcase name="bothTrueTest" classname="XORIntegrationTest" time="0.001"/>
  <testcase name="bothFalseTest" classname="XORIntegrationTest" time="0.001"/>
  <testcase name="leftTest" classname="XORIntegrationTest" time="0.001"/>
  <system-out><![CDATA[Testing: 1, 0 Expected: 1.0 Result: 1.0
Testing: 1, 1 Expected: 0.0 Result: 0.0
Testing: 0, 0 Expected: 0.0 Result: 0.0
Testing: 0, 1 Expected: 1.0 Result: 1.0
]]></system-out>
  <system-err><![CDATA[]]></system-err>
</testsuite>
